build/app/intermediates/manifest_merge_blame_file/debug/manifest-merger-blame-debug-report.txt
1<?xml version="1.0" encoding="utf-8"?>
2<manifest xmlns:android="http://schemas.android.com/apk/res/android"
3    package="com.example.for_two"
4    android:versionCode="1"
5    android:versionName="1.0.0" >
6
7    <uses-sdk
8        android:minSdkVersion="21"
9        android:targetSdkVersion="33" />
10    <!--
11         The INTERNET permission is required for development. Specifically,
12         the Flutter tool needs it to communicate with the running application
13         to allow setting breakpoints, to provide hot reload, etc.
14    -->
15    <uses-permission android:name="android.permission.INTERNET" />
15-->src/main/AndroidManifest.xml:2:5-66
15-->src/main/AndroidManifest.xml:2:22-64
16
17    <queries>
17-->src/main/AndroidManifest.xml:4:5-9:15
18        <provider
18-->src/main/AndroidManifest.xml:5:9-6:40
19            android:authorities="com.facebook.katana.provider.PlatformProvider"
19-->src/main/AndroidManifest.xml:5:19-86
20            android:exported="false" /> <!-- allows app to access Facebook app features -->
20-->src/main/AndroidManifest.xml:6:13-37
21        <provider
21-->src/main/AndroidManifest.xml:5:9-6:40
22            android:authorities="com.facebook.orca.provider.PlatformProvider"
22-->src/main/AndroidManifest.xml:5:19-86
23            android:exported="false" /> <!-- allows sharing to Messenger app -->
23-->src/main/AndroidManifest.xml:6:13-37
24        <package android:name="com.facebook.katana" />
24-->[com.facebook.android:facebook-common:16.1.3] AndroidManifest.xml:18:9-55
24-->[com.facebook.android:facebook-common:16.1.3] AndroidManifest.xml:18:18-52
25    </queries>
26
27    <uses-permission android:name="android.permission.WAKE_LOCK" />
27-->[:firebase_messaging] AndroidManifest.xml:10:5-68
27-->[:firebase_messaging] AndroidManifest.xml:10:22-65
28    <uses-permission android:name="android.permission.ACCESS_NETWORK_STATE" /> <!-- Permissions options for the `notification` group -->
28-->[:firebase_messaging] AndroidManifest.xml:11:5-79
28-->[:firebase_messaging] AndroidManifest.xml:11:22-76
29    <uses-permission android:name="android.permission.POST_NOTIFICATIONS" />
29-->[:firebase_messaging] AndroidManifest.xml:13:5-77
29-->[:firebase_messaging] AndroidManifest.xml:13:22-74
30    <uses-permission android:name="android.permission.RECEIVE_BOOT_COMPLETED" />
30-->[:flutter_local_notifications] AndroidManifest.xml:9:5-81
30-->[:flutter_local_notifications] AndroidManifest.xml:9:22-78
31    <uses-permission android:name="android.permission.VIBRATE" />
31-->[:flutter_local_notifications] AndroidManifest.xml:10:5-66
31-->[:flutter_local_notifications] AndroidManifest.xml:10:22-63
32    <uses-permission android:name="android.permission.USE_FULL_SCREEN_INTENT" />
32-->[:flutter_local_notifications] AndroidManifest.xml:11:5-81
32-->[:flutter_local_notifications] AndroidManifest.xml:11:22-78
33    <uses-permission android:name="android.permission.SCHEDULE_EXACT_ALARM" /> <!-- Required by older versions of Google Play services to create IID tokens -->
33-->[:flutter_local_notifications] AndroidManifest.xml:12:5-79
33-->[:flutter_local_notifications] AndroidManifest.xml:12:22-76
34    <uses-permission android:name="com.google.android.c2dm.permission.RECEIVE" />
34-->[com.google.firebase:firebase-iid:21.1.0] AndroidManifest.xml:26:5-82
34-->[com.google.firebase:firebase-iid:21.1.0] AndroidManifest.xml:26:22-79
35    <uses-permission android:name="com.google.android.gms.permission.AD_ID" />
35-->[com.facebook.android:facebook-core:16.1.3] AndroidManifest.xml:16:5-79
35-->[com.facebook.android:facebook-core:16.1.3] AndroidManifest.xml:16:22-76
36
37    <permission
37-->[androidx.core:core:1.10.1] AndroidManifest.xml:22:5-24:47
38        android:name="com.example.for_two.DYNAMIC_RECEIVER_NOT_EXPORTED_PERMISSION"
38-->[androidx.core:core:1.10.1] AndroidManifest.xml:23:9-81
39        android:protectionLevel="signature" />
39-->[androidx.core:core:1.10.1] AndroidManifest.xml:24:9-44
40
41    <uses-permission android:name="com.example.for_two.DYNAMIC_RECEIVER_NOT_EXPORTED_PERMISSION" />
41-->[androidx.core:core:1.10.1] AndroidManifest.xml:26:5-97
41-->[androidx.core:core:1.10.1] AndroidManifest.xml:26:22-94
42    <uses-permission android:name="com.google.android.finsky.permission.BIND_GET_INSTALL_REFERRER_SERVICE" />
42-->[com.android.installreferrer:installreferrer:1.0] AndroidManifest.xml:9:5-110
42-->[com.android.installreferrer:installreferrer:1.0] AndroidManifest.xml:9:22-107
43
44    <application
45        android:name="android.app.Application"
46        android:appComponentFactory="androidx.core.app.CoreComponentFactory"
46-->[androidx.core:core:1.10.1] AndroidManifest.xml:28:18-86
47        android:debuggable="true"
48        android:icon="@mipmap/ic_launcher"
49        android:label="for_two"
50        android:supportsRtl="true" >
50-->[com.facebook.android:facebook-login:16.1.3] AndroidManifest.xml:16:18-44
51        <activity
52            android:name="com.example.for_two.MainActivity"
53            android:configChanges="orientation|keyboardHidden|keyboard|screenSize|smallestScreenSize|locale|layoutDirection|fontScale|screenLayout|density|uiMode"
54            android:exported="true"
55            android:hardwareAccelerated="true"
56            android:launchMode="singleTop"
57            android:theme="@style/LaunchTheme"
58            android:windowSoftInputMode="adjustResize" >
59            <meta-data
60                android:name="io.flutter.embedding.android.NormalTheme"
61                android:resource="@style/NormalTheme" />
62
63            <intent-filter>
64                <action android:name="android.intent.action.MAIN" />
65
66                <category android:name="android.intent.category.LAUNCHER" />
67            </intent-filter>
68        </activity>
69
70        <meta-data
71            android:name="com.facebook.sdk.ApplicationId"
72            android:value="@string/facebook_app_id" />
73        <meta-data
74            android:name="com.facebook.sdk.ClientToken"
75            android:value="@string/facebook_client_token" />
76
77        <activity
78            android:name="com.facebook.FacebookActivity"
79            android:configChanges="keyboard|keyboardHidden|screenLayout|screenSize|orientation"
80            android:exported="false"
81            android:label="@string/app_name"
82            android:theme="@style/com_facebook_activity_theme" />
82-->[com.facebook.android:facebook-common:16.1.3] AndroidManifest.xml:25:13-63
83        <activity
84            android:name="com.facebook.CustomTabActivity"
85            android:exported="true" >
86            <intent-filter>
87                <action android:name="android.intent.action.VIEW" />
87-->[com.google.firebase:firebase-auth:22.1.0] AndroidManifest.xml:36:17-69
87-->[com.google.firebase:firebase-auth:22.1.0] AndroidManifest.xml:36:25-66
88
89                <category android:name="android.intent.category.DEFAULT" />
89-->[com.google.firebase:firebase-auth:22.1.0] AndroidManifest.xml:38:17-76
89-->[com.google.firebase:firebase-auth:22.1.0] AndroidManifest.xml:38:27-73
90                <category android:name="android.intent.category.BROWSABLE" />
90-->[com.google.firebase:firebase-auth:22.1.0] AndroidManifest.xml:39:17-78
90-->[com.google.firebase:firebase-auth:22.1.0] AndroidManifest.xml:39:27-75
91
92                <data android:scheme="@string/fb_login_protocol_scheme" />
92-->[com.google.firebase:firebase-auth:22.1.0] AndroidManifest.xml:41:17-44:51
92-->[com.google.firebase:firebase-auth:22.1.0] AndroidManifest.xml:44:21-48
93            </intent-filter>
94            <intent-filter>
94-->[com.facebook.android:facebook-common:16.1.3] AndroidManifest.xml:31:13-40:29
95                <action android:name="android.intent.action.VIEW" />
95-->[com.google.firebase:firebase-auth:22.1.0] AndroidManifest.xml:36:17-69
95-->[com.google.firebase:firebase-auth:22.1.0] AndroidManifest.xml:36:25-66
96
97                <category android:name="android.intent.category.DEFAULT" />
97-->[com.google.firebase:firebase-auth:22.1.0] AndroidManifest.xml:38:17-76
97-->[com.google.firebase:firebase-auth:22.1.0] AndroidManifest.xml:38:27-73
98                <category android:name="android.intent.category.BROWSABLE" />
98-->[com.google.firebase:firebase-auth:22.1.0] AndroidManifest.xml:39:17-78
98-->[com.google.firebase:firebase-auth:22.1.0] AndroidManifest.xml:39:27-75
99
100                <data
100-->[com.google.firebase:firebase-auth:22.1.0] AndroidManifest.xml:41:17-44:51
101                    android:host="cct.com.example.for_two"
101-->[com.google.firebase:firebase-auth:22.1.0] AndroidManifest.xml:42:21-49
102                    android:scheme="fbconnect" />
102-->[com.google.firebase:firebase-auth:22.1.0] AndroidManifest.xml:44:21-48
103            </intent-filter>
104        </activity>
105        <!--
106             Don't delete the meta-data below.
107             This is used by the Flutter tool to generate GeneratedPluginRegistrant.java
108        -->
109        <meta-data
110            android:name="flutterEmbedding"
111            android:value="2" />
112
113        <service
113-->[:firebase_auth] AndroidManifest.xml:10:9-14:19
114            android:name="com.google.firebase.components.ComponentDiscoveryService"
114-->[:firebase_auth] AndroidManifest.xml:10:18-89
115            android:directBootAware="true"
115-->[com.google.firebase:firebase-common:20.3.3] AndroidManifest.xml:34:13-43
116            android:exported="false" >
116-->[com.google.firebase:firebase-auth:22.1.0] AndroidManifest.xml:68:13-37
117            <meta-data
117-->[:firebase_auth] AndroidManifest.xml:11:13-13:85
118                android:name="com.google.firebase.components:io.flutter.plugins.firebase.auth.FlutterFirebaseAuthRegistrar"
118-->[:firebase_auth] AndroidManifest.xml:12:17-124
119                android:value="com.google.firebase.components.ComponentRegistrar" />
119-->[:firebase_auth] AndroidManifest.xml:13:17-82
120            <meta-data
120-->[:cloud_firestore] AndroidManifest.xml:11:13-13:85
121                android:name="com.google.firebase.components:io.flutter.plugins.firebase.firestore.FlutterFirebaseFirestoreRegistrar"
121-->[:cloud_firestore] AndroidManifest.xml:12:17-134
122                android:value="com.google.firebase.components.ComponentRegistrar" />
122-->[:cloud_firestore] AndroidManifest.xml:13:17-82
123            <meta-data
123-->[:firebase_messaging] AndroidManifest.xml:38:13-40:85
124                android:name="com.google.firebase.components:io.flutter.plugins.firebase.messaging.FlutterFirebaseAppRegistrar"
124-->[:firebase_messaging] AndroidManifest.xml:39:17-128
125                android:value="com.google.firebase.components.ComponentRegistrar" />
125-->[:firebase_messaging] AndroidManifest.xml:40:17-82
126            <meta-data
126-->[:firebase_core] AndroidManifest.xml:11:13-13:85
127                android:name="com.google.firebase.components:io.flutter.plugins.firebase.core.FlutterFirebaseCoreRegistrar"
127-->[:firebase_core] AndroidManifest.xml:12:17-124
128                android:value="com.google.firebase.components.ComponentRegistrar" />
128-->[:firebase_core] AndroidManifest.xml:13:17-82
129            <meta-data
129-->[com.google.firebase:firebase-auth:22.1.0] AndroidManifest.xml:69:13-71:85
130                android:name="com.google.firebase.components:com.google.firebase.auth.FirebaseAuthRegistrar"
130-->[com.google.firebase:firebase-auth:22.1.0] AndroidManifest.xml:70:17-109
131                android:value="com.google.firebase.components.ComponentRegistrar" />
131-->[com.google.firebase:firebase-auth:22.1.0] AndroidManifest.xml:71:17-82
132            <meta-data
132-->[com.google.firebase:firebase-iid:21.1.0] AndroidManifest.xml:32:13-34:85
133                android:name="com.google.firebase.components:com.google.firebase.iid.Registrar"
133-->[com.google.firebase:firebase-iid:21.1.0] AndroidManifest.xml:33:17-96
134                android:value="com.google.firebase.components.ComponentRegistrar" />
134-->[com.google.firebase:firebase-iid:21.1.0] AndroidManifest.xml:34:17-82
135            <meta-data
135-->[com.google.firebase:firebase-firestore:24.7.0] AndroidManifest.xml:19:13-21:85
136                android:name="com.google.firebase.components:com.google.firebase.firestore.FirestoreRegistrar"
136-->[com.google.firebase:firebase-firestore:24.7.0] AndroidManifest.xml:20:17-111
137                android:value="com.google.firebase.components.ComponentRegistrar" />
137-->[com.google.firebase:firebase-firestore:24.7.0] AndroidManifest.xml:21:17-82
138            <meta-data
138-->[com.google.firebase:firebase-messaging:23.2.0] AndroidManifest.xml:55:13-57:85
139                android:name="com.google.firebase.components:com.google.firebase.messaging.FirebaseMessagingRegistrar"
139-->[com.google.firebase:firebase-messaging:23.2.0] AndroidManifest.xml:56:17-119
140                android:value="com.google.firebase.components.ComponentRegistrar" />
140-->[com.google.firebase:firebase-messaging:23.2.0] AndroidManifest.xml:57:17-82
141            <meta-data
141-->[com.google.firebase:firebase-installations:17.1.3] AndroidManifest.xml:17:13-19:85
142                android:name="com.google.firebase.components:com.google.firebase.installations.FirebaseInstallationsRegistrar"
142-->[com.google.firebase:firebase-installations:17.1.3] AndroidManifest.xml:18:17-127
143                android:value="com.google.firebase.components.ComponentRegistrar" />
143-->[com.google.firebase:firebase-installations:17.1.3] AndroidManifest.xml:19:17-82
144            <meta-data
144-->[com.google.firebase:firebase-datatransport:18.1.7] AndroidManifest.xml:27:13-29:85
145                android:name="com.google.firebase.components:com.google.firebase.datatransport.TransportRegistrar"
145-->[com.google.firebase:firebase-datatransport:18.1.7] AndroidManifest.xml:28:17-115
146                android:value="com.google.firebase.components.ComponentRegistrar" />
146-->[com.google.firebase:firebase-datatransport:18.1.7] AndroidManifest.xml:29:17-82
147        </service>
148        <service
148-->[:firebase_messaging] AndroidManifest.xml:16:9-19:72
149            android:name="io.flutter.plugins.firebase.messaging.FlutterFirebaseMessagingBackgroundService"
149-->[:firebase_messaging] AndroidManifest.xml:17:13-107
150            android:exported="false"
150-->[:firebase_messaging] AndroidManifest.xml:18:13-37
151            android:permission="android.permission.BIND_JOB_SERVICE" />
151-->[:firebase_messaging] AndroidManifest.xml:19:13-69
152        <service
152-->[:firebase_messaging] AndroidManifest.xml:20:9-26:19
153            android:name="io.flutter.plugins.firebase.messaging.FlutterFirebaseMessagingService"
153-->[:firebase_messaging] AndroidManifest.xml:21:13-97
154            android:exported="false" >
154-->[:firebase_messaging] AndroidManifest.xml:22:13-37
155            <intent-filter>
155-->[:firebase_messaging] AndroidManifest.xml:23:13-25:29
156                <action android:name="com.google.firebase.MESSAGING_EVENT" />
156-->[:firebase_messaging] AndroidManifest.xml:24:17-78
156-->[:firebase_messaging] AndroidManifest.xml:24:25-75
157            </intent-filter>
158        </service>
159
160        <receiver
160-->[:firebase_messaging] AndroidManifest.xml:28:9-35:20
161            android:name="io.flutter.plugins.firebase.messaging.FlutterFirebaseMessagingReceiver"
161-->[:firebase_messaging] AndroidManifest.xml:29:13-98
162            android:exported="true"
162-->[:firebase_messaging] AndroidManifest.xml:30:13-36
163            android:permission="com.google.android.c2dm.permission.SEND" >
163-->[:firebase_messaging] AndroidManifest.xml:31:13-73
164            <intent-filter>
164-->[:firebase_messaging] AndroidManifest.xml:32:13-34:29
165                <action android:name="com.google.android.c2dm.intent.RECEIVE" />
165-->[:firebase_messaging] AndroidManifest.xml:33:17-81
165-->[:firebase_messaging] AndroidManifest.xml:33:25-78
166            </intent-filter>
167        </receiver>
168
169        <provider
169-->[:firebase_messaging] AndroidManifest.xml:43:9-47:38
170            android:name="io.flutter.plugins.firebase.messaging.FlutterFirebaseMessagingInitProvider"
170-->[:firebase_messaging] AndroidManifest.xml:44:13-102
171            android:authorities="com.example.for_two.flutterfirebasemessaginginitprovider"
171-->[:firebase_messaging] AndroidManifest.xml:45:13-88
172            android:exported="false"
172-->[:firebase_messaging] AndroidManifest.xml:46:13-37
173            android:initOrder="99" />
173-->[:firebase_messaging] AndroidManifest.xml:47:13-35
174
175        <receiver
175-->[:flutter_local_notifications] AndroidManifest.xml:16:9-18:40
176            android:name="com.dexterous.flutterlocalnotifications.ActionBroadcastReceiver"
176-->[:flutter_local_notifications] AndroidManifest.xml:17:13-91
177            android:exported="false" />
177-->[:flutter_local_notifications] AndroidManifest.xml:18:13-37
178        <receiver
178-->[:flutter_local_notifications] AndroidManifest.xml:19:9-21:40
179            android:name="com.dexterous.flutterlocalnotifications.ScheduledNotificationReceiver"
179-->[:flutter_local_notifications] AndroidManifest.xml:20:13-97
180            android:exported="false" />
180-->[:flutter_local_notifications] AndroidManifest.xml:21:13-37
181        <receiver
181-->[:flutter_local_notifications] AndroidManifest.xml:22:9-31:20
182            android:name="com.dexterous.flutterlocalnotifications.ScheduledNotificationBootReceiver"
182-->[:flutter_local_notifications] AndroidManifest.xml:23:13-101
183            android:exported="false" >
183-->[:flutter_local_notifications] AndroidManifest.xml:24:13-37
184            <intent-filter>
184-->[:flutter_local_notifications] AndroidManifest.xml:25:13-30:29
185                <action android:name="android.intent.action.BOOT_COMPLETED" />
185-->[:flutter_local_notifications] AndroidManifest.xml:26:17-79
185-->[:flutter_local_notifications] AndroidManifest.xml:26:25-76
186                <action android:name="android.intent.action.MY_PACKAGE_REPLACED" />
186-->[:flutter_local_notifications] AndroidManifest.xml:27:17-84
186-->[:flutter_local_notifications] AndroidManifest.xml:27:25-81
187                <action android:name="android.intent.action.QUICKBOOT_POWERON" />
187-->[:flutter_local_notifications] AndroidManifest.xml:28:17-82
187-->[:flutter_local_notifications] AndroidManifest.xml:28:25-79
188                <action android:name="com.htc.intent.action.QUICKBOOT_POWERON" />
188-->[:flutter_local_notifications] AndroidManifest.xml:29:17-82
188-->[:flutter_local_notifications] AndroidManifest.xml:29:25-79
189            </intent-filter>
190        </receiver>
191
192        <activity
192-->[:url_launcher_android] AndroidManifest.xml:10:9-13:74
193            android:name="io.flutter.plugins.urllauncher.WebViewActivity"
193-->[:url_launcher_android] AndroidManifest.xml:11:13-74
194            android:exported="false"
194-->[:url_launcher_android] AndroidManifest.xml:12:13-37
195            android:theme="@android:style/Theme.NoTitleBar.Fullscreen" />
195-->[:url_launcher_android] AndroidManifest.xml:13:13-71
196
197        <uses-library
197-->[androidx.window:window:1.0.0-beta04] AndroidManifest.xml:25:9-27:40
198            android:name="androidx.window.extensions"
198-->[androidx.window:window:1.0.0-beta04] AndroidManifest.xml:26:13-54
199            android:required="false" />
199-->[androidx.window:window:1.0.0-beta04] AndroidManifest.xml:27:13-37
200        <uses-library
200-->[androidx.window:window:1.0.0-beta04] AndroidManifest.xml:28:9-30:40
201            android:name="androidx.window.sidecar"
201-->[androidx.window:window:1.0.0-beta04] AndroidManifest.xml:29:13-51
202            android:required="false" />
202-->[androidx.window:window:1.0.0-beta04] AndroidManifest.xml:30:13-37
203
204        <activity
204-->[com.google.firebase:firebase-auth:22.1.0] AndroidManifest.xml:29:9-46:20
205            android:name="com.google.firebase.auth.internal.GenericIdpActivity"
205-->[com.google.firebase:firebase-auth:22.1.0] AndroidManifest.xml:30:13-80
206            android:excludeFromRecents="true"
206-->[com.google.firebase:firebase-auth:22.1.0] AndroidManifest.xml:31:13-46
207            android:exported="true"
207-->[com.google.firebase:firebase-auth:22.1.0] AndroidManifest.xml:32:13-36
208            android:launchMode="singleTask"
208-->[com.google.firebase:firebase-auth:22.1.0] AndroidManifest.xml:33:13-44
209            android:theme="@android:style/Theme.Translucent.NoTitleBar" >
209-->[com.google.firebase:firebase-auth:22.1.0] AndroidManifest.xml:34:13-72
210            <intent-filter>
210-->[com.google.firebase:firebase-auth:22.1.0] AndroidManifest.xml:35:13-45:29
211                <action android:name="android.intent.action.VIEW" />
211-->[com.google.firebase:firebase-auth:22.1.0] AndroidManifest.xml:36:17-69
211-->[com.google.firebase:firebase-auth:22.1.0] AndroidManifest.xml:36:25-66
212
213                <category android:name="android.intent.category.DEFAULT" />
213-->[com.google.firebase:firebase-auth:22.1.0] AndroidManifest.xml:38:17-76
213-->[com.google.firebase:firebase-auth:22.1.0] AndroidManifest.xml:38:27-73
214                <category android:name="android.intent.category.BROWSABLE" />
214-->[com.google.firebase:firebase-auth:22.1.0] AndroidManifest.xml:39:17-78
214-->[com.google.firebase:firebase-auth:22.1.0] AndroidManifest.xml:39:27-75
215
216                <data
216-->[com.google.firebase:firebase-auth:22.1.0] AndroidManifest.xml:41:17-44:51
217                    android:host="firebase.auth"
217-->[com.google.firebase:firebase-auth:22.1.0] AndroidManifest.xml:42:21-49
218                    android:path="/"
218-->[com.google.firebase:firebase-auth:22.1.0] AndroidManifest.xml:43:21-37
219                    android:scheme="genericidp" />
219-->[com.google.firebase:firebase-auth:22.1.0] AndroidManifest.xml:44:21-48
220            </intent-filter>
221        </activity>
222        <activity
222-->[com.google.firebase:firebase-auth:22.1.0] AndroidManifest.xml:47:9-64:20
223            android:name="com.google.firebase.auth.internal.RecaptchaActivity"
223-->[com.google.firebase:firebase-auth:22.1.0] AndroidManifest.xml:48:13-79
224            android:excludeFromRecents="true"
224-->[com.google.firebase:firebase-auth:22.1.0] AndroidManifest.xml:49:13-46
225            android:exported="true"
225-->[com.google.firebase:firebase-auth:22.1.0] AndroidManifest.xml:50:13-36
226            android:launchMode="singleTask"
226-->[com.google.firebase:firebase-auth:22.1.0] AndroidManifest.xml:51:13-44
227            android:theme="@android:style/Theme.Translucent.NoTitleBar" >
227-->[com.google.firebase:firebase-auth:22.1.0] AndroidManifest.xml:52:13-72
228            <intent-filter>
228-->[com.google.firebase:firebase-auth:22.1.0] AndroidManifest.xml:53:13-63:29
229                <action android:name="android.intent.action.VIEW" />
229-->[com.google.firebase:firebase-auth:22.1.0] AndroidManifest.xml:36:17-69
229-->[com.google.firebase:firebase-auth:22.1.0] AndroidManifest.xml:36:25-66
230
231                <category android:name="android.intent.category.DEFAULT" />
231-->[com.google.firebase:firebase-auth:22.1.0] AndroidManifest.xml:38:17-76
231-->[com.google.firebase:firebase-auth:22.1.0] AndroidManifest.xml:38:27-73
232                <category android:name="android.intent.category.BROWSABLE" />
232-->[com.google.firebase:firebase-auth:22.1.0] AndroidManifest.xml:39:17-78
232-->[com.google.firebase:firebase-auth:22.1.0] AndroidManifest.xml:39:27-75
233
234                <data
234-->[com.google.firebase:firebase-auth:22.1.0] AndroidManifest.xml:41:17-44:51
235                    android:host="firebase.auth"
235-->[com.google.firebase:firebase-auth:22.1.0] AndroidManifest.xml:42:21-49
236                    android:path="/"
236-->[com.google.firebase:firebase-auth:22.1.0] AndroidManifest.xml:43:21-37
237                    android:scheme="recaptcha" />
237-->[com.google.firebase:firebase-auth:22.1.0] AndroidManifest.xml:44:21-48
238            </intent-filter>
239        </activity>
240
241        <receiver
241-->[com.google.firebase:firebase-messaging:23.2.0] AndroidManifest.xml:31:9-38:20
242            android:name="com.google.firebase.iid.FirebaseInstanceIdReceiver"
242-->[com.google.firebase:firebase-messaging:23.2.0] AndroidManifest.xml:32:13-78
243            android:exported="true"
243-->[com.google.firebase:firebase-messaging:23.2.0] AndroidManifest.xml:33:13-36
244            android:permission="com.google.android.c2dm.permission.SEND" >
244-->[com.google.firebase:firebase-messaging:23.2.0] AndroidManifest.xml:34:13-73
245            <intent-filter>
245-->[:firebase_messaging] AndroidManifest.xml:32:13-34:29
246                <action android:name="com.google.android.c2dm.intent.RECEIVE" />
246-->[:firebase_messaging] AndroidManifest.xml:33:17-81
246-->[:firebase_messaging] AndroidManifest.xml:33:25-78
247            </intent-filter>
248        </receiver>
249        <!--
250             FirebaseMessagingService performs security checks at runtime,
251             but set to not exported to explicitly avoid allowing another app to call it.
252        -->
253        <service
253-->[com.google.firebase:firebase-messaging:23.2.0] AndroidManifest.xml:44:9-51:19
254            android:name="com.google.firebase.messaging.FirebaseMessagingService"
254-->[com.google.firebase:firebase-messaging:23.2.0] AndroidManifest.xml:45:13-82
255            android:directBootAware="true"
255-->[com.google.firebase:firebase-messaging:23.2.0] AndroidManifest.xml:46:13-43
256            android:exported="false" >
256-->[com.google.firebase:firebase-messaging:23.2.0] AndroidManifest.xml:47:13-37
257            <intent-filter android:priority="-500" >
257-->[:firebase_messaging] AndroidManifest.xml:23:13-25:29
258                <action android:name="com.google.firebase.MESSAGING_EVENT" />
258-->[:firebase_messaging] AndroidManifest.xml:24:17-78
258-->[:firebase_messaging] AndroidManifest.xml:24:25-75
259            </intent-filter>
260        </service>
261
262        <provider
262-->[com.google.firebase:firebase-common:20.3.3] AndroidManifest.xml:25:9-30:39
263            android:name="com.google.firebase.provider.FirebaseInitProvider"
263-->[com.google.firebase:firebase-common:20.3.3] AndroidManifest.xml:26:13-77
264            android:authorities="com.example.for_two.firebaseinitprovider"
264-->[com.google.firebase:firebase-common:20.3.3] AndroidManifest.xml:27:13-72
265            android:directBootAware="true"
265-->[com.google.firebase:firebase-common:20.3.3] AndroidManifest.xml:28:13-43
266            android:exported="false"
266-->[com.google.firebase:firebase-common:20.3.3] AndroidManifest.xml:29:13-37
267            android:initOrder="100" />
267-->[com.google.firebase:firebase-common:20.3.3] AndroidManifest.xml:30:13-36
268
269        <activity android:name="com.facebook.CustomTabMainActivity" />
269-->[com.facebook.android:facebook-common:16.1.3] AndroidManifest.xml:26:9-71
269-->[com.facebook.android:facebook-common:16.1.3] AndroidManifest.xml:26:19-68
270        <activity
270-->[com.google.android.gms:play-services-auth:20.6.0] AndroidManifest.xml:23:9-27:75
271            android:name="com.google.android.gms.auth.api.signin.internal.SignInHubActivity"
271-->[com.google.android.gms:play-services-auth:20.6.0] AndroidManifest.xml:24:13-93
272            android:excludeFromRecents="true"
272-->[com.google.android.gms:play-services-auth:20.6.0] AndroidManifest.xml:25:13-46
273            android:exported="false"
273-->[com.google.android.gms:play-services-auth:20.6.0] AndroidManifest.xml:26:13-37
274            android:theme="@android:style/Theme.Translucent.NoTitleBar" />
274-->[com.google.android.gms:play-services-auth:20.6.0] AndroidManifest.xml:27:13-72
275        <!--
276            Service handling Google Sign-In user revocation. For apps that do not integrate with
277            Google Sign-In, this service will never be started.
278        -->
279        <service
279-->[com.google.android.gms:play-services-auth:20.6.0] AndroidManifest.xml:33:9-37:51
280            android:name="com.google.android.gms.auth.api.signin.RevocationBoundService"
280-->[com.google.android.gms:play-services-auth:20.6.0] AndroidManifest.xml:34:13-89
281            android:exported="true"
281-->[com.google.android.gms:play-services-auth:20.6.0] AndroidManifest.xml:35:13-36
282            android:permission="com.google.android.gms.auth.api.signin.permission.REVOCATION_NOTIFICATION"
282-->[com.google.android.gms:play-services-auth:20.6.0] AndroidManifest.xml:36:13-107
283            android:visibleToInstantApps="true" />
283-->[com.google.android.gms:play-services-auth:20.6.0] AndroidManifest.xml:37:13-48
284        <!--
285         The initialization ContentProvider will call FacebookSdk.sdkInitialize automatically
286         with the application context. This config is merged in with the host app's manifest,
287         but there can only be one provider with the same authority activated at any given
288         point; so if the end user has two or more different apps that use Facebook SDK, only the
289         first one will be able to use the provider. To work around this problem, we use the
290         following placeholder in the authority to identify each host application as if it was
291         a completely different provider.
292        -->
293        <provider
293-->[com.facebook.android:facebook-core:16.1.3] AndroidManifest.xml:29:9-32:40
294            android:name="com.facebook.internal.FacebookInitProvider"
294-->[com.facebook.android:facebook-core:16.1.3] AndroidManifest.xml:30:13-70
295            android:authorities="com.example.for_two.FacebookInitProvider"